<?xml version="1.0" encoding="UTF-8"?>
<!-- Generated by org.testng.reporters.JUnitXMLReporter -->
<testsuite ignored="0" hostname="Madhukar" failures="0" tests="3" name="Test" time="16.86" errors="0" timestamp="2025-06-10T08:56:12 IST">
  <testcase classname="testCases.TC001_AccountRegistrationTest" name="verify_account_registration" time="2.725"/>
  <testcase classname="testCases.TC002_LoginTest" name="verify_login" time="2.105"/>
  <testcase classname="testCases.TC004_SearchProductTest" name="verify_pruductSearch" time="0.768"/>
</testsuite> <!-- Test -->
