<?xml version="1.0" encoding="UTF-8"?>
<!-- Generated by org.testng.reporters.JUnitXMLReporter -->
<testsuite ignored="0" hostname="Madhukar" failures="2" tests="6" name="Test" time="40.617" errors="0" timestamp="2025-06-06T19:43:52 IST">
  <testcase classname="testCases.TC003_LoginDDT" name="verify_loginDDT" time="2.762"/>
  <testcase classname="testCases.TC003_LoginDDT" name="verify_loginDDT" time="2.387">
    <failure type="java.lang.AssertionError" message="expected [true] but found [false]">
      <![CDATA[java.lang.AssertionError: expected [true] but found [false]
at testCases.TC003_LoginDDT.verify_loginDDT(TC003_LoginDDT.java:72)
at java.base/java.util.ArrayList.forEach(ArrayList.java:1596)
... Removed 29 stack frames]]>
    </failure>
  </testcase> <!-- verify_loginDDT -->
  <testcase classname="testCases.TC003_LoginDDT" name="verify_loginDDT" time="2.725">
    <failure type="java.lang.AssertionError" message="expected [true] but found [false]">
      <![CDATA[java.lang.AssertionError: expected [true] but found [false]
at testCases.TC003_LoginDDT.verify_loginDDT(TC003_LoginDDT.java:72)
at java.base/java.util.ArrayList.forEach(ArrayList.java:1596)
... Removed 29 stack frames]]>
    </failure>
  </testcase> <!-- verify_loginDDT -->
  <testcase classname="testCases.TC003_LoginDDT" name="verify_loginDDT" time="11.512"/>
  <testcase classname="testCases.TC003_LoginDDT" name="verify_loginDDT" time="2.548"/>
  <testcase classname="testCases.TC003_LoginDDT" name="verify_loginDDT" time="11.634"/>
</testsuite> <!-- Test -->
