<?xml version="1.0" encoding="UTF-8"?>
<!-- Generated by org.testng.reporters.JUnitReportReporter -->
<testsuite hostname="Madhukar" failures="0" tests="3" name="testCases.TC001_AccountRegistrationTest" time="17.341" errors="0" timestamp="2025-06-05T08:25:49 IST" skipped="0">
  <testcase classname="testCases.TC001_AccountRegistrationTest" name="verify_account_registration" time="5.365"/>
  <testcase classname="testCases.TC001_AccountRegistrationTest" name="verify_account_registration" time="3.172"/>
  <testcase classname="testCases.TC001_AccountRegistrationTest" name="verify_account_registration" time="8.804"/>
</testsuite> <!-- testCases.TC001_AccountRegistrationTest -->
